#
# There is insufficient memory for the Java Runtime Environment to continue.
# Native memory allocation (malloc) failed to allocate 295504 bytes for Chunk::new
# Possible reasons:
#   The system is out of physical RAM or swap space
#   The process is running with CompressedOops enabled, and the Java Heap may be blocking the growth of the native heap
# Possible solutions:
#   Reduce memory load on the system
#   Increase physical memory or swap space
#   Check if swap backing store is full
#   Decrease Java heap size (-Xmx/-Xms)
#   Decrease number of Java threads
#   Decrease Java thread stack sizes (-Xss)
#   Set larger code cache with -XX:ReservedCodeCacheSize=
#   JVM is running with Unscaled Compressed Oops mode in which the Java heap is
#     placed in the first 4GB address space. The Java Heap base address is the
#     maximum limit for the native heap growth. Please use -XX:HeapBaseMinAddress
#     to set the Java Heap base and to place the Java Heap above 4GB virtual address.
# This output file may be truncated or incomplete.
#
#  Out of Memory Error (allocation.cpp:389), pid=14556, tid=0x00000000000008e4
#
# JRE version: Java(TM) SE Runtime Environment (8.0_241-b07) (build 1.8.0_241-b07)
# Java VM: Java HotSpot(TM) 64-Bit Server VM (25.241-b07 mixed mode windows-amd64 compressed oops)
# Failed to write core dump. Minidumps are not enabled by default on client versions of Windows
#

---------------  T H R E A D  ---------------

Current thread (0x0000000002e17800):  JavaThread "main" [_thread_in_native, id=2276, stack(0x0000000002c50000,0x0000000002d50000)]

Stack: [0x0000000002c50000,0x0000000002d50000]
[error occurred during error reporting (printing stack bounds), id 0xc0000005]

Native frames: (J=compiled Java code, j=interpreted, Vv=VM code, C=native code)

Java frames: (J=compiled Java code, j=interpreted, Vv=VM code)
J 710  java.lang.Class.forName0(Ljava/lang/String;ZLjava/lang/ClassLoader;Ljava/lang/Class;)Ljava/lang/Class; (0 bytes) @ 0x0000000003135c87 [0x0000000003135c00+0x87]
J 816 C1 java.lang.Class.forName(Ljava/lang/String;ZLjava/lang/ClassLoader;)Ljava/lang/Class; (53 bytes) @ 0x000000000315f4ec [0x000000000315f3c0+0x12c]
j  sun.nio.cs.AbstractCharsetProvider.lookup(Ljava/lang/String;)Ljava/nio/charset/Charset;+86
j  sun.nio.cs.AbstractCharsetProvider.charsetForName(Ljava/lang/String;)Ljava/nio/charset/Charset;+14
j  java.nio.charset.Charset.lookupExtendedCharset(Ljava/lang/String;)Ljava/nio/charset/Charset;+10
j  java.nio.charset.Charset.lookup2(Ljava/lang/String;)Ljava/nio/charset/Charset;+48
j  java.nio.charset.Charset.lookup(Ljava/lang/String;)Ljava/nio/charset/Charset;+40
j  java.nio.charset.Charset.forName(Ljava/lang/String;)Ljava/nio/charset/Charset;+1
j  com.mysql.cj.MysqlCharset.<init>(Ljava/lang/String;II[Ljava/lang/String;Lcom/mysql/cj/ServerVersion;)V+50
j  com.mysql.cj.CharsetMapping.<clinit>()V+251
v  ~StubRoutines::call_stub
j  com.mysql.cj.protocol.AuthenticationProvider.getCharsetForHandshake(Ljava/lang/String;Lcom/mysql/cj/ServerVersion;)B+8
j  com.mysql.cj.protocol.a.NativeAuthenticationProvider.proceedHandshakeWithPluggableAuthentication(Lcom/mysql/cj/protocol/ServerSession;Ljava/lang/String;Ljava/lang/String;Ljava/lang/String;Lcom/mysql/cj/protocol/a/NativePacketPayload;)V+1410
j  com.mysql.cj.protocol.a.NativeAuthenticationProvider.connect(Lcom/mysql/cj/protocol/ServerSession;Ljava/lang/String;Ljava/lang/String;Ljava/lang/String;)V+600
j  com.mysql.cj.protocol.a.NativeProtocol.connect(Ljava/lang/String;Ljava/lang/String;Ljava/lang/String;)V+15
j  com.mysql.cj.NativeSession.connect(Lcom/mysql/cj/conf/HostInfo;Ljava/lang/String;Ljava/lang/String;Ljava/lang/String;ILcom/mysql/cj/TransactionEventHandler;)V+110
j  com.mysql.cj.jdbc.ConnectionImpl.connectOneTryOnly(Z)V+35
j  com.mysql.cj.jdbc.ConnectionImpl.createNewIO(Z)V+27
j  com.mysql.cj.jdbc.ConnectionImpl.<init>(Lcom/mysql/cj/conf/HostInfo;)V+783
j  com.mysql.cj.jdbc.ConnectionImpl.getInstance(Lcom/mysql/cj/conf/HostInfo;)Lcom/mysql/cj/jdbc/JdbcConnection;+5
j  com.mysql.cj.jdbc.NonRegisteringDriver.connect(Ljava/lang/String;Ljava/util/Properties;)Ljava/sql/Connection;+60
j  com.zaxxer.hikari.util.DriverDataSource.getConnection(Ljava/lang/String;Ljava/lang/String;)Ljava/sql/Connection;+61
j  com.zaxxer.hikari.pool.PoolBase.newConnection()Ljava/sql/Connection;+49
j  com.zaxxer.hikari.pool.PoolBase.newPoolEntry()Lcom/zaxxer/hikari/pool/PoolEntry;+5
j  com.zaxxer.hikari.pool.HikariPool.createPoolEntry()Lcom/zaxxer/hikari/pool/PoolEntry;+1
j  com.zaxxer.hikari.pool.HikariPool.checkFailFast()V+20
j  com.zaxxer.hikari.pool.HikariPool.<init>(Lcom/zaxxer/hikari/HikariConfig;)V+128
j  com.zaxxer.hikari.HikariDataSource.getConnection()Ljava/sql/Connection;+100
j  org.hibernate.engine.jdbc.connections.internal.DatasourceConnectionProviderImpl.getConnection()Ljava/sql/Connection;+48
j  org.hibernate.engine.jdbc.env.internal.JdbcEnvironmentInitiator$ConnectionProviderJdbcConnectionAccess.obtainConnection()Ljava/sql/Connection;+4
j  org.hibernate.engine.jdbc.env.internal.JdbcEnvironmentInitiator.initiateService(Ljava/util/Map;Lorg/hibernate/service/spi/ServiceRegistryImplementor;)Lorg/hibernate/engine/jdbc/env/spi/JdbcEnvironment;+36
j  org.hibernate.engine.jdbc.env.internal.JdbcEnvironmentInitiator.initiateService(Ljava/util/Map;Lorg/hibernate/service/spi/ServiceRegistryImplementor;)Lorg/hibernate/service/Service;+3
j  org.hibernate.boot.registry.internal.StandardServiceRegistryImpl.initiateService(Lorg/hibernate/service/spi/ServiceInitiator;)Lorg/hibernate/service/Service;+9
j  org.hibernate.service.internal.AbstractServiceRegistryImpl.createService(Lorg/hibernate/service/spi/ServiceBinding;)Lorg/hibernate/service/Service;+26
j  org.hibernate.service.internal.AbstractServiceRegistryImpl.initializeService(Lorg/hibernate/service/spi/ServiceBinding;)Lorg/hibernate/service/Service;+30
j  org.hibernate.service.internal.AbstractServiceRegistryImpl.getService(Ljava/lang/Class;)Lorg/hibernate/service/Service;+88
j  org.hibernate.id.factory.internal.DefaultIdentifierGeneratorFactory.injectServices(Lorg/hibernate/service/spi/ServiceRegistryImplementor;)V+9
j  org.hibernate.service.internal.AbstractServiceRegistryImpl.injectDependencies(Lorg/hibernate/service/spi/ServiceBinding;)V+24
j  org.hibernate.service.internal.AbstractServiceRegistryImpl.initializeService(Lorg/hibernate/service/spi/ServiceBinding;)Lorg/hibernate/service/Service;+45
j  org.hibernate.service.internal.AbstractServiceRegistryImpl.getService(Ljava/lang/Class;)Lorg/hibernate/service/Service;+88
j  org.hibernate.boot.internal.InFlightMetadataCollectorImpl.<init>(Lorg/hibernate/boot/spi/BootstrapContext;Lorg/hibernate/boot/spi/MetadataBuildingOptions;)V+277
j  org.hibernate.boot.model.process.spi.MetadataBuildingProcess.complete(Lorg/hibernate/boot/model/process/spi/ManagedResources;Lorg/hibernate/boot/spi/BootstrapContext;Lorg/hibernate/boot/spi/MetadataBuildingOptions;)Lorg/hibernate/boot/spi/MetadataImplementor;+6
j  org.hibernate.jpa.boot.internal.EntityManagerFactoryBuilderImpl.metadata()Lorg/hibernate/boot/spi/MetadataImplementor;+30
j  org.hibernate.jpa.boot.internal.EntityManagerFactoryBuilderImpl.build()Ljavax/persistence/EntityManagerFactory;+1
j  org.springframework.orm.jpa.vendor.SpringHibernateJpaPersistenceProvider.createContainerEntityManagerFactory(Ljavax/persistence/spi/PersistenceUnitInfo;Ljava/util/Map;)Ljavax/persistence/EntityManagerFactory;+55
j  org.springframework.orm.jpa.LocalContainerEntityManagerFactoryBean.createNativeEntityManagerFactory()Ljavax/persistence/EntityManagerFactory;+129
j  org.springframework.orm.jpa.AbstractEntityManagerFactoryBean.buildNativeEntityManagerFactory()Ljavax/persistence/EntityManagerFactory;+1
j  org.springframework.orm.jpa.AbstractEntityManagerFactoryBean.afterPropertiesSet()V+192
j  org.springframework.orm.jpa.LocalContainerEntityManagerFactoryBean.afterPropertiesSet()V+77
j  org.springframework.beans.factory.support.AbstractAutowireCapableBeanFactory.invokeInitMethods(Ljava/lang/String;Ljava/lang/Object;Lorg/springframework/beans/factory/support/RootBeanDefinition;)V+106
j  org.springframework.beans.factory.support.AbstractAutowireCapableBeanFactory.initializeBean(Ljava/lang/String;Ljava/lang/Object;Lorg/springframework/beans/factory/support/RootBeanDefinition;)Ljava/lang/Object;+59
j  org.springframework.beans.factory.support.AbstractAutowireCapableBeanFactory.doCreateBean(Ljava/lang/String;Lorg/springframework/beans/factory/support/RootBeanDefinition;[Ljava/lang/Object;)Ljava/lang/Object;+245
j  org.springframework.beans.factory.support.AbstractAutowireCapableBeanFactory.createBean(Ljava/lang/String;Lorg/springframework/beans/factory/support/RootBeanDefinition;[Ljava/lang/Object;)Ljava/lang/Object;+169
j  org.springframework.beans.factory.support.AbstractBeanFactory.lambda$doGetBean$0(Ljava/lang/String;Lorg/springframework/beans/factory/support/RootBeanDefinition;[Ljava/lang/Object;)Ljava/lang/Object;+4
j  org.springframework.beans.factory.support.AbstractBeanFactory$$Lambda$149.getObject()Ljava/lang/Object;+16
j  org.springframework.beans.factory.support.DefaultSingletonBeanRegistry.getSingleton(Ljava/lang/String;Lorg/springframework/beans/factory/ObjectFactory;)Ljava/lang/Object;+132
J 2322 C1 org.springframework.beans.factory.support.AbstractBeanFactory.doGetBean(Ljava/lang/String;Ljava/lang/Class;[Ljava/lang/Object;Z)Ljava/lang/Object; (833 bytes) @ 0x000000000339fc9c [0x000000000339f780+0x51c]
j  org.springframework.beans.factory.support.AbstractBeanFactory.getBean(Ljava/lang/String;)Ljava/lang/Object;+5
j  org.springframework.context.support.AbstractApplicationContext.getBean(Ljava/lang/String;)Ljava/lang/Object;+9
j  org.springframework.context.support.AbstractApplicationContext.finishBeanFactoryInitialization(Lorg/springframework/beans/factory/config/ConfigurableListableBeanFactory;)V+100
j  org.springframework.context.support.AbstractApplicationContext.refresh()V+54
j  org.springframework.boot.web.servlet.context.ServletWebServerApplicationContext.refresh()V+1
j  org.springframework.boot.SpringApplication.refresh(Lorg/springframework/context/ApplicationContext;)V+10
j  org.springframework.boot.SpringApplication.refreshContext(Lorg/springframework/context/ConfigurableApplicationContext;)V+2
j  org.springframework.boot.SpringApplication.run([Ljava/lang/String;)Lorg/springframework/context/ConfigurableApplicationContext;+118
j  org.springframework.boot.SpringApplication.run([Ljava/lang/Class;[Ljava/lang/String;)Lorg/springframework/context/ConfigurableApplicationContext;+9
j  org.springframework.boot.SpringApplication.run(Ljava/lang/Class;[Ljava/lang/String;)Lorg/springframework/context/ConfigurableApplicationContext;+9
j  com.TLCN_BOOKING.TlcnBookingApplication.main([Ljava/lang/String;)V+3
v  ~StubRoutines::call_stub

---------------  P R O C E S S  ---------------

Java Threads: ( => current thread )
  0x000000001c9ec000 JavaThread "mysql-cj-abandoned-connection-cleanup" daemon [_thread_blocked, id=15340, stack(0x000000001e1c0000,0x000000001e2c0000)]
  0x000000001c9a3000 JavaThread "container-0" [_thread_blocked, id=10888, stack(0x000000001e0c0000,0x000000001e1c0000)]
  0x000000001c9b8800 JavaThread "Catalina-utility-2" [_thread_blocked, id=12012, stack(0x000000001dfc0000,0x000000001e0c0000)]
  0x000000001c9b5000 JavaThread "Catalina-utility-1" [_thread_blocked, id=12060, stack(0x000000001bcf0000,0x000000001bdf0000)]
  0x000000001b14d000 JavaThread "RMI TCP Accept-0" daemon [_thread_in_native, id=14260, stack(0x000000001b7b0000,0x000000001b8b0000)]
  0x000000001b14b800 JavaThread "RMI TCP Accept-64480" daemon [_thread_in_native, id=13136, stack(0x000000001b6b0000,0x000000001b7b0000)]
  0x000000001b13d800 JavaThread "RMI TCP Accept-0" daemon [_thread_in_native, id=15716, stack(0x000000001b5b0000,0x000000001b6b0000)]
  0x0000000019e4f000 JavaThread "Service Thread" daemon [_thread_blocked, id=6616, stack(0x000000001a970000,0x000000001aa70000)]
  0x0000000019db7000 JavaThread "C1 CompilerThread3" daemon [_thread_blocked, id=8668, stack(0x000000001a870000,0x000000001a970000)]
  0x0000000019db4000 JavaThread "C2 CompilerThread2" daemon [_thread_blocked, id=10080, stack(0x000000001a770000,0x000000001a870000)]
  0x0000000019da6000 JavaThread "C2 CompilerThread1" daemon [_thread_blocked, id=8224, stack(0x000000001a670000,0x000000001a770000)]
  0x0000000019da4800 JavaThread "C2 CompilerThread0" daemon [_thread_blocked, id=14268, stack(0x000000001a570000,0x000000001a670000)]
  0x0000000019da3800 JavaThread "Attach Listener" daemon [_thread_blocked, id=11356, stack(0x000000001a470000,0x000000001a570000)]
  0x0000000019da1800 JavaThread "Signal Dispatcher" daemon [_thread_blocked, id=12984, stack(0x000000001a370000,0x000000001a470000)]
  0x0000000017e94000 JavaThread "Finalizer" daemon [_thread_blocked, id=13540, stack(0x000000001a170000,0x000000001a270000)]
  0x0000000017e8d000 JavaThread "Reference Handler" daemon [_thread_blocked, id=17008, stack(0x0000000019c70000,0x0000000019d70000)]
=>0x0000000002e17800 JavaThread "main" [_thread_in_native, id=2276, stack(0x0000000002c50000,0x0000000002d50000)]

Other Threads:
  0x0000000002f0d800 VMThread [stack: 0x0000000019b70000,0x0000000019c70000] [id=13824]
  0x000000001b150000 WatcherThread [stack: 0x000000001b8b0000,0x000000001b9b0000] [id=8660]

VM state:not at safepoint (normal execution)

VM Mutex/Monitor currently owned by a thread: None

heap address: 0x0000000081c00000, size: 2020 MB, Compressed Oops mode: 32-bit
Narrow klass base: 0x0000000000000000, Narrow klass shift: 3
Compressed class space size: 1073741824 Address: 0x0000000100000000

Heap:
 PSYoungGen      total 122880K, used 30917K [0x00000000d5f00000, 0x00000000df200000, 0x0000000100000000)
  eden space 114688K, 26% used [0x00000000d5f00000,0x00000000d7d31748,0x00000000dcf00000)
  from space 8192K, 0% used [0x00000000dea00000,0x00000000dea00000,0x00000000df200000)
  to   space 9728K, 0% used [0x00000000ddf00000,0x00000000ddf00000,0x00000000de880000)
 ParOldGen       total 78848K, used 14164K [0x0000000081c00000, 0x0000000086900000, 0x00000000d5f00000)
  object space 78848K, 17% used [0x0000000081c00000,0x00000000829d5050,0x0000000086900000)
 Metaspace       used 36614K, capacity 38518K, committed 38656K, reserved 1085440K
  class space    used 5162K, capacity 5524K, committed 5632K, reserved 1048576K

Card table byte_map: [0x00000000122d0000,0x00000000126d0000] byte_map_base: 0x0000000011ec2000

Marking Bits: (ParMarkBitMap*) 0x0000000071f0be30
 Begin Bits: [0x0000000013180000, 0x0000000015110000)
 End Bits:   [0x0000000015110000, 0x00000000170a0000)

Polling page: 0x00000000009f0000

CodeCache: size=245760Kb used=6662Kb max_used=6662Kb free=239097Kb
 bounds [0x0000000002f10000, 0x00000000035a0000, 0x0000000011f10000]
 total_blobs=3719 nmethods=3250 adapters=381
 compilation: enabled

Compilation events (10 events):
Event: 2.958 Thread 0x0000000019db7000 3246       1       sun.security.provider.SHA2::lf_S (11 bytes)
Event: 2.958 Thread 0x0000000019db7000 nmethod 3246 0x0000000003590790 code [0x00000000035908e0, 0x00000000035909f0]
Event: 2.958 Thread 0x0000000019db7000 3247       1       sun.security.provider.SHA2::lf_R (4 bytes)
Event: 2.958 Thread 0x0000000019db7000 nmethod 3247 0x0000000003590a50 code [0x0000000003590ba0, 0x0000000003590c90]
Event: 2.961 Thread 0x0000000019db7000 3248       1       java.util.TreeMap::rotateRight (96 bytes)
Event: 2.961 Thread 0x0000000019db7000 nmethod 3248 0x0000000003590cd0 code [0x0000000003590e20, 0x0000000003591050]
Event: 2.961 Thread 0x0000000019db7000 3249       1       sun.nio.cs.AbstractCharsetProvider::put (20 bytes)
Event: 2.961 Thread 0x0000000019db7000 nmethod 3249 0x0000000003591150 code [0x00000000035912c0, 0x0000000003591438]
Event: 2.961 Thread 0x0000000019db7000 3250       1       java.util.TreeMap::rotateLeft (96 bytes)
Event: 2.961 Thread 0x0000000019db7000 nmethod 3250 0x00000000035914d0 code [0x0000000003591620, 0x0000000003591850]

GC Heap History (10 events):
Event: 1.306 GC heap before
{Heap before GC invocations=6 (full 1):
 PSYoungGen      total 71680K, used 5097K [0x00000000d5f00000, 0x00000000df300000, 0x0000000100000000)
  eden space 66560K, 0% used [0x00000000d5f00000,0x00000000d5f00000,0x00000000da000000)
  from space 5120K, 99% used [0x00000000da000000,0x00000000da4fa510,0x00000000da500000)
  to   space 9216K, 0% used [0x00000000dea00000,0x00000000dea00000,0x00000000df300000)
 ParOldGen       total 87552K, used 7566K [0x0000000081c00000, 0x0000000087180000, 0x00000000d5f00000)
  object space 87552K, 8% used [0x0000000081c00000,0x0000000082363918,0x0000000087180000)
 Metaspace       used 20415K, capacity 21104K, committed 21248K, reserved 1067008K
  class space    used 2763K, capacity 2955K, committed 3072K, reserved 1048576K
Event: 1.334 GC heap after
Heap after GC invocations=6 (full 1):
 PSYoungGen      total 71680K, used 0K [0x00000000d5f00000, 0x00000000df300000, 0x0000000100000000)
  eden space 66560K, 0% used [0x00000000d5f00000,0x00000000d5f00000,0x00000000da000000)
  from space 5120K, 0% used [0x00000000da000000,0x00000000da000000,0x00000000da500000)
  to   space 9216K, 0% used [0x00000000dea00000,0x00000000dea00000,0x00000000df300000)
 ParOldGen       total 51712K, used 5897K [0x0000000081c00000, 0x0000000084e80000, 0x00000000d5f00000)
  object space 51712K, 11% used [0x0000000081c00000,0x00000000821c27b8,0x0000000084e80000)
 Metaspace       used 20413K, capacity 21098K, committed 21248K, reserved 1067008K
  class space    used 2762K, capacity 2954K, committed 3072K, reserved 1048576K
}
Event: 1.820 GC heap before
{Heap before GC invocations=7 (full 1):
 PSYoungGen      total 71680K, used 66560K [0x00000000d5f00000, 0x00000000df300000, 0x0000000100000000)
  eden space 66560K, 100% used [0x00000000d5f00000,0x00000000da000000,0x00000000da000000)
  from space 5120K, 0% used [0x00000000da000000,0x00000000da000000,0x00000000da500000)
  to   space 9216K, 0% used [0x00000000dea00000,0x00000000dea00000,0x00000000df300000)
 ParOldGen       total 51712K, used 5897K [0x0000000081c00000, 0x0000000084e80000, 0x00000000d5f00000)
  object space 51712K, 11% used [0x0000000081c00000,0x00000000821c27b8,0x0000000084e80000)
 Metaspace       used 24155K, capacity 25290K, committed 25472K, reserved 1071104K
  class space    used 3358K, capacity 3634K, committed 3712K, reserved 1048576K
Event: 1.826 GC heap after
Heap after GC invocations=7 (full 1):
 PSYoungGen      total 122880K, used 7689K [0x00000000d5f00000, 0x00000000df200000, 0x0000000100000000)
  eden space 114688K, 0% used [0x00000000d5f00000,0x00000000d5f00000,0x00000000dcf00000)
  from space 8192K, 93% used [0x00000000dea00000,0x00000000df1824e8,0x00000000df200000)
  to   space 9728K, 0% used [0x00000000ddf00000,0x00000000ddf00000,0x00000000de880000)
 ParOldGen       total 51712K, used 5905K [0x0000000081c00000, 0x0000000084e80000, 0x00000000d5f00000)
  object space 51712K, 11% used [0x0000000081c00000,0x00000000821c47b8,0x0000000084e80000)
 Metaspace       used 24155K, capacity 25290K, committed 25472K, reserved 1071104K
  class space    used 3358K, capacity 3634K, committed 3712K, reserved 1048576K
}
Event: 2.521 GC heap before
{Heap before GC invocations=8 (full 1):
 PSYoungGen      total 122880K, used 122377K [0x00000000d5f00000, 0x00000000df200000, 0x0000000100000000)
  eden space 114688K, 100% used [0x00000000d5f00000,0x00000000dcf00000,0x00000000dcf00000)
  from space 8192K, 93% used [0x00000000dea00000,0x00000000df1824e8,0x00000000df200000)
  to   space 9728K, 0% used [0x00000000ddf00000,0x00000000ddf00000,0x00000000de880000)
 ParOldGen       total 51712K, used 5905K [0x0000000081c00000, 0x0000000084e80000, 0x00000000d5f00000)
  object space 51712K, 11% used [0x0000000081c00000,0x00000000821c47b8,0x0000000084e80000)
 Metaspace       used 30666K, capacity 32402K, committed 32512K, reserved 1077248K
  class space    used 4205K, capacity 4554K, committed 4608K, reserved 1048576K
Event: 2.532 GC heap after
Heap after GC invocations=8 (full 1):
 PSYoungGen      total 124416K, used 9696K [0x00000000d5f00000, 0x00000000df200000, 0x0000000100000000)
  eden space 114688K, 0% used [0x00000000d5f00000,0x00000000d5f00000,0x00000000dcf00000)
  from space 9728K, 99% used [0x00000000ddf00000,0x00000000de878110,0x00000000de880000)
  to   space 8192K, 0% used [0x00000000dea00000,0x00000000dea00000,0x00000000df200000)
 ParOldGen       total 51712K, used 7834K [0x0000000081c00000, 0x0000000084e80000, 0x00000000d5f00000)
  object space 51712K, 15% used [0x0000000081c00000,0x00000000823a68f8,0x0000000084e80000)
 Metaspace       used 30666K, capacity 32402K, committed 32512K, reserved 1077248K
  class space    used 4205K, capacity 4554K, committed 4608K, reserved 1048576K
}
Event: 2.694 GC heap before
{Heap before GC invocations=9 (full 1):
 PSYoungGen      total 124416K, used 38798K [0x00000000d5f00000, 0x00000000df200000, 0x0000000100000000)
  eden space 114688K, 25% used [0x00000000d5f00000,0x00000000d7b6ba30,0x00000000dcf00000)
  from space 9728K, 99% used [0x00000000ddf00000,0x00000000de878110,0x00000000de880000)
  to   space 8192K, 0% used [0x00000000dea00000,0x00000000dea00000,0x00000000df200000)
 ParOldGen       total 51712K, used 7834K [0x0000000081c00000, 0x0000000084e80000, 0x00000000d5f00000)
  object space 51712K, 15% used [0x0000000081c00000,0x00000000823a68f8,0x0000000084e80000)
 Metaspace       used 33505K, capacity 35284K, committed 35416K, reserved 1079296K
  class space    used 4664K, capacity 4977K, committed 4992K, reserved 1048576K
Event: 2.700 GC heap after
Heap after GC invocations=9 (full 1):
 PSYoungGen      total 122880K, used 8183K [0x00000000d5f00000, 0x00000000df200000, 0x0000000100000000)
  eden space 114688K, 0% used [0x00000000d5f00000,0x00000000d5f00000,0x00000000dcf00000)
  from space 8192K, 99% used [0x00000000dea00000,0x00000000df1fdcb8,0x00000000df200000)
  to   space 9728K, 0% used [0x00000000ddf00000,0x00000000ddf00000,0x00000000de880000)
 ParOldGen       total 51712K, used 8976K [0x0000000081c00000, 0x0000000084e80000, 0x00000000d5f00000)
  object space 51712K, 17% used [0x0000000081c00000,0x00000000824c40a0,0x0000000084e80000)
 Metaspace       used 33505K, capacity 35284K, committed 35416K, reserved 1079296K
  class space    used 4664K, capacity 4977K, committed 4992K, reserved 1048576K
}
Event: 2.700 GC heap before
{Heap before GC invocations=10 (full 2):
 PSYoungGen      total 122880K, used 8183K [0x00000000d5f00000, 0x00000000df200000, 0x0000000100000000)
  eden space 114688K, 0% used [0x00000000d5f00000,0x00000000d5f00000,0x00000000dcf00000)
  from space 8192K, 99% used [0x00000000dea00000,0x00000000df1fdcb8,0x00000000df200000)
  to   space 9728K, 0% used [0x00000000ddf00000,0x00000000ddf00000,0x00000000de880000)
 ParOldGen       total 51712K, used 8976K [0x0000000081c00000, 0x0000000084e80000, 0x00000000d5f00000)
  object space 51712K, 17% used [0x0000000081c00000,0x00000000824c40a0,0x0000000084e80000)
 Metaspace       used 33505K, capacity 35284K, committed 35416K, reserved 1079296K
  class space    used 4664K, capacity 4977K, committed 4992K, reserved 1048576K
Event: 2.774 GC heap after
Heap after GC invocations=10 (full 2):
 PSYoungGen      total 122880K, used 0K [0x00000000d5f00000, 0x00000000df200000, 0x0000000100000000)
  eden space 114688K, 0% used [0x00000000d5f00000,0x00000000d5f00000,0x00000000dcf00000)
  from space 8192K, 0% used [0x00000000dea00000,0x00000000dea00000,0x00000000df200000)
  to   space 9728K, 0% used [0x00000000ddf00000,0x00000000ddf00000,0x00000000de880000)
 ParOldGen       total 78848K, used 14164K [0x0000000081c00000, 0x0000000086900000, 0x00000000d5f00000)
  object space 78848K, 17% used [0x0000000081c00000,0x00000000829d5050,0x0000000086900000)
 Metaspace       used 33505K, capacity 35284K, committed 35416K, reserved 1079296K
  class space    used 4664K, capacity 4977K, committed 4992K, reserved 1048576K
}

Deoptimization events (0 events):
No events

Classes redefined (0 events):
No events

Internal exceptions (10 events):
Event: 2.477 Thread 0x0000000002e17800 Exception <a 'java/lang/NullPointerException'> (0x00000000dca82850) thrown at [C:\ade\jenkins\workspace\8-2-build-windows-amd64-cygwin\jdk8u241\331\hotspot\src\share\vm\runtime\sharedRuntime.cpp, line 605]
Event: 2.482 Thread 0x0000000002e17800 Implicit null exception at 0x000000000344938d to 0x00000000034495c9
Event: 2.482 Thread 0x0000000002e17800 Exception <a 'java/lang/NullPointerException'> (0x00000000dcac0318) thrown at [C:\ade\jenkins\workspace\8-2-build-windows-amd64-cygwin\jdk8u241\331\hotspot\src\share\vm\runtime\sharedRuntime.cpp, line 605]
Event: 2.482 Thread 0x0000000002e17800 Implicit null exception at 0x000000000344938d to 0x00000000034495c9
Event: 2.482 Thread 0x0000000002e17800 Exception <a 'java/lang/NullPointerException'> (0x00000000dcac0fd0) thrown at [C:\ade\jenkins\workspace\8-2-build-windows-amd64-cygwin\jdk8u241\331\hotspot\src\share\vm\runtime\sharedRuntime.cpp, line 605]
Event: 2.489 Thread 0x0000000002e17800 Exception <a 'java/lang/ArrayIndexOutOfBoundsException'> (0x00000000dcb65ea0) thrown at [C:\ade\jenkins\workspace\8-2-build-windows-amd64-cygwin\jdk8u241\331\hotspot\src\share\vm\runtime\sharedRuntime.cpp, line 605]
Event: 2.494 Thread 0x0000000002e17800 Exception <a 'java/lang/ArrayIndexOutOfBoundsException'> (0x00000000dcccf070) thrown at [C:\ade\jenkins\workspace\8-2-build-windows-amd64-cygwin\jdk8u241\331\hotspot\src\share\vm\runtime\sharedRuntime.cpp, line 605]
Event: 2.495 Thread 0x0000000002e17800 Exception <a 'java/lang/ArrayIndexOutOfBoundsException'> (0x00000000dccd7e60) thrown at [C:\ade\jenkins\workspace\8-2-build-windows-amd64-cygwin\jdk8u241\331\hotspot\src\share\vm\runtime\sharedRuntime.cpp, line 605]
Event: 2.496 Thread 0x0000000002e17800 Exception <a 'java/lang/ArrayIndexOutOfBoundsException'> (0x00000000dccde9f8) thrown at [C:\ade\jenkins\workspace\8-2-build-windows-amd64-cygwin\jdk8u241\331\hotspot\src\share\vm\runtime\sharedRuntime.cpp, line 605]
Event: 2.502 Thread 0x0000000002e17800 Exception <a 'java/lang/ArrayIndexOutOfBoundsException'> (0x00000000dcd2c048) thrown at [C:\ade\jenkins\workspace\8-2-build-windows-amd64-cygwin\jdk8u241\331\hotspot\src\share\vm\runtime\sharedRuntime.cpp, line 605]

Events (10 events):
Event: 2.964 loading class sun/nio/cs/ext/MS932 done
Event: 2.964 loading class sun/nio/cs/ext/EUC_CN
Event: 2.965 Executing VM operation: CollectForMetadataAllocation
Event: 2.965 Executing VM operation: CollectForMetadataAllocation done
Event: 2.965 loading class sun/nio/cs/ext/EUC_CN done
Event: 2.965 loading class sun/nio/cs/ext/EUC_JP
Event: 2.965 loading class sun/nio/cs/ext/EUC_JP done
Event: 2.965 loading class sun/nio/cs/ext/EUC_JP_Open
Event: 2.965 loading class sun/nio/cs/ext/EUC_JP_Open done
Event: 2.965 loading class sun/nio/cs/ext/GB18030


Dynamic libraries:
0x00007ff69c180000 - 0x00007ff69c1b7000 	C:\Program Files\Java\jre1.8.0_241\bin\javaw.exe
0x00007ffae8500000 - 0x00007ffae86f0000 	C:\Windows\SYSTEM32\ntdll.dll
0x00007ffae81d0000 - 0x00007ffae8282000 	C:\Windows\System32\KERNEL32.DLL
0x00007ffae6110000 - 0x00007ffae63b4000 	C:\Windows\System32\KERNELBASE.dll
0x00007ffae7dd0000 - 0x00007ffae7e73000 	C:\Windows\System32\ADVAPI32.dll
0x00007ffae8000000 - 0x00007ffae809e000 	C:\Windows\System32\msvcrt.dll
0x00007ffae8130000 - 0x00007ffae81c7000 	C:\Windows\System32\sechost.dll
0x00007ffae6750000 - 0x00007ffae6870000 	C:\Windows\System32\RPCRT4.dll
0x00007ffae65b0000 - 0x00007ffae6744000 	C:\Windows\System32\USER32.dll
0x00007ffae56d0000 - 0x00007ffae56f1000 	C:\Windows\System32\win32u.dll
0x00007ffae8100000 - 0x00007ffae8126000 	C:\Windows\System32\GDI32.dll
0x00007ffae6410000 - 0x00007ffae65a5000 	C:\Windows\System32\gdi32full.dll
0x00007ffae5490000 - 0x00007ffae552e000 	C:\Windows\System32\msvcp_win.dll
0x00007ffae5700000 - 0x00007ffae57fa000 	C:\Windows\System32\ucrtbase.dll
0x00007ffacaa10000 - 0x00007ffacac94000 	C:\Windows\WinSxS\amd64_microsoft.windows.common-controls_6595b64144ccf1df_6.0.18362.900_none_e6beb9d913147d17\COMCTL32.dll
0x00007ffae7a90000 - 0x00007ffae7dc5000 	C:\Windows\System32\combase.dll
0x00007ffae5860000 - 0x00007ffae58e0000 	C:\Windows\System32\bcryptPrimitives.dll
0x00007ffae69d0000 - 0x00007ffae69fe000 	C:\Windows\System32\IMM32.DLL
0x0000000072880000 - 0x0000000072952000 	C:\Program Files\Java\jre1.8.0_241\bin\msvcr100.dll
0x00000000716e0000 - 0x0000000071f8c000 	C:\Program Files\Java\jre1.8.0_241\bin\server\jvm.dll
0x00007ffae6870000 - 0x00007ffae6878000 	C:\Windows\System32\PSAPI.DLL
0x00007ffade3f0000 - 0x00007ffade414000 	C:\Windows\SYSTEM32\WINMM.dll
0x00007ffae19b0000 - 0x00007ffae19ba000 	C:\Windows\SYSTEM32\VERSION.dll
0x00007ffacd960000 - 0x00007ffacd969000 	C:\Windows\SYSTEM32\WSOCK32.dll
0x00007ffae6900000 - 0x00007ffae696f000 	C:\Windows\System32\WS2_32.dll
0x00007ffade1a0000 - 0x00007ffade1cd000 	C:\Windows\SYSTEM32\WINMMBASE.dll
0x00007ffae63c0000 - 0x00007ffae640a000 	C:\Windows\System32\cfgmgr32.dll
0x00007ffacd720000 - 0x00007ffacd72f000 	C:\Program Files\Java\jre1.8.0_241\bin\verify.dll
0x00007ffac4eb0000 - 0x00007ffac4ed9000 	C:\Program Files\Java\jre1.8.0_241\bin\java.dll
0x00007ffac8c00000 - 0x00007ffac8c16000 	C:\Program Files\Java\jre1.8.0_241\bin\zip.dll
0x00007ffae7020000 - 0x00007ffae7706000 	C:\Windows\System32\SHELL32.dll
0x00007ffae7710000 - 0x00007ffae77b9000 	C:\Windows\System32\shcore.dll
0x00007ffae5990000 - 0x00007ffae6110000 	C:\Windows\System32\windows.storage.dll
0x00007ffae5460000 - 0x00007ffae5483000 	C:\Windows\System32\profapi.dll
0x00007ffae5410000 - 0x00007ffae545a000 	C:\Windows\System32\powrprof.dll
0x00007ffae53c0000 - 0x00007ffae53d0000 	C:\Windows\System32\UMPDC.dll
0x00007ffae80a0000 - 0x00007ffae80f2000 	C:\Windows\System32\shlwapi.dll
0x00007ffae53d0000 - 0x00007ffae53e1000 	C:\Windows\System32\kernel.appcore.dll
0x00007ffae5530000 - 0x00007ffae5547000 	C:\Windows\System32\cryptsp.dll
0x00007ffae0bc0000 - 0x00007ffae0bcd000 	C:\Program Files\Java\jre1.8.0_241\bin\management.dll
0x00007ffac4e90000 - 0x00007ffac4eaa000 	C:\Program Files\Java\jre1.8.0_241\bin\net.dll
0x00007ffae4c30000 - 0x00007ffae4c97000 	C:\Windows\system32\mswsock.dll
0x00007ffac4e70000 - 0x00007ffac4e82000 	C:\Program Files\Java\jre1.8.0_241\bin\nio.dll
0x00007ffadfbf0000 - 0x00007ffadfc06000 	C:\Windows\system32\napinsp.dll
0x00007ffadf680000 - 0x00007ffadf69a000 	C:\Windows\system32\pnrpnsp.dll
0x00007ffae4980000 - 0x00007ffae4a4b000 	C:\Windows\SYSTEM32\DNSAPI.dll
0x00007ffae6a60000 - 0x00007ffae6a68000 	C:\Windows\System32\NSI.dll
0x00007ffae4940000 - 0x00007ffae497a000 	C:\Windows\SYSTEM32\IPHLPAPI.DLL
0x00007ffae1920000 - 0x00007ffae192e000 	C:\Windows\System32\winrnr.dll
0x00007ffadecd0000 - 0x00007ffadecec000 	C:\Windows\system32\NLAapi.dll
0x00007ffac9160000 - 0x00007ffac9175000 	C:\Windows\system32\wshbth.dll
0x00007ffadf3b0000 - 0x00007ffadf3ba000 	C:\Windows\System32\rasadhlp.dll
0x00007ffaded20000 - 0x00007ffaded97000 	C:\Windows\System32\fwpuclnt.dll
0x00007ffae56a0000 - 0x00007ffae56c6000 	C:\Windows\System32\bcrypt.dll
0x00007ffae47a0000 - 0x00007ffae47d3000 	C:\Windows\system32\rsaenh.dll
0x00007ffae52b0000 - 0x00007ffae52d5000 	C:\Windows\SYSTEM32\USERENV.dll
0x00007ffae4e00000 - 0x00007ffae4e0c000 	C:\Windows\SYSTEM32\CRYPTBASE.dll
0x00007ffadee00000 - 0x00007ffadee16000 	C:\Windows\SYSTEM32\dhcpcsvc6.DLL
0x00007ffadee80000 - 0x00007ffadee9c000 	C:\Windows\SYSTEM32\dhcpcsvc.DLL

VM Arguments:
jvm_args: -Dcom.sun.management.jmxremote -Dcom.sun.management.jmxremote.port=64480 -Dcom.sun.management.jmxremote.authenticate=false -Dcom.sun.management.jmxremote.ssl=false -Djava.rmi.server.hostname=localhost -Dspring.jmx.enabled=true -Dspring.application.admin.enabled=true -Xverify:none -XX:TieredStopAtLevel=1 -Dspring.boot.project.name=TLCN_BOOKING -Dfile.encoding=UTF-8 
java_command: com.TLCN_BOOKING.TlcnBookingApplication
java_class_path (initial): D:\TLCN\TLCN_BOOKING\target\classes;C:\Users\Thai Bao\.m2\repository\org\springframework\boot\spring-boot-starter-web\2.2.1.RELEASE\spring-boot-starter-web-2.2.1.RELEASE.jar;C:\Users\Thai Bao\.m2\repository\org\springframework\boot\spring-boot-starter\2.2.1.RELEASE\spring-boot-starter-2.2.1.RELEASE.jar;C:\Users\Thai Bao\.m2\repository\org\springframework\boot\spring-boot\2.2.1.RELEASE\spring-boot-2.2.1.RELEASE.jar;C:\Users\Thai Bao\.m2\repository\org\springframework\boot\spring-boot-autoconfigure\2.2.1.RELEASE\spring-boot-autoconfigure-2.2.1.RELEASE.jar;C:\Users\Thai Bao\.m2\repository\org\springframework\boot\spring-boot-starter-logging\2.2.1.RELEASE\spring-boot-starter-logging-2.2.1.RELEASE.jar;C:\Users\Thai Bao\.m2\repository\ch\qos\logback\logback-classic\1.2.3\logback-classic-1.2.3.jar;C:\Users\Thai Bao\.m2\repository\ch\qos\logback\logback-core\1.2.3\logback-core-1.2.3.jar;C:\Users\Thai Bao\.m2\repository\org\apache\logging\log4j\log4j-to-slf4j\2.12.1\log4j-to-slf4j-2.12.1.jar;C:\Users\Thai Bao\.m2\repository\org\apache\logging\log4j\log4j-api\2.12.1\log4j-api-2.12.1.jar;C:\Users\Thai Bao\.m2\repository\org\slf4j\jul-to-slf4j\1.7.29\jul-to-slf4j-1.7.29.jar;C:\Users\Thai Bao\.m2\repository\jakarta\annotation\jakarta.annotation-api\1.3.5\jakarta.annotation-api-1.3.5.jar;C:\Users\Thai Bao\.m2\repository\org\yaml\snakeyaml\1.25\snakeyaml-1.25.jar;C:\Users\Thai Bao\.m2\repository\org\springframework\boot\spring-boot-starter-json\2.2.1.RELEASE\spring-boot-starter-json-2.2.1.RELEASE.jar;C:\Users\Thai Bao\.m2\repository\com\fasterxml\jackson\core\jackson-databind\2.10.0\jackson-databind-2.10.0.jar;C:\Users\Thai Bao\.m2\repository\com\fasterxml\jackson\core\jackson-annotations\2.10.0\jackson-annotations-2.10.0.jar;C:\Users\Thai Bao\.m2\repository\com\fasterxml\jackson\core\jackson-core\2.10.0\jackson-core-2.10.0.jar;C:\Users\Thai Bao\.m2\repository\com\fasterxml\jackson\datatype\jackson-datatype-jdk8\2.10.0\jackson-datatype-jdk8-2.10.0.jar;
Launcher Type: SUN_STANDARD

Environment Variables:
PATH=C:/Program Files/Java/jre1.8.0_241/bin/server;C:/Program Files/Java/jre1.8.0_241/bin;C:/Program Files/Java/jre1.8.0_241/lib/amd64;C:\Program Files (x86)\Common Files\Oracle\Java\javapath;C:\ProgramData\Oracle\Java\javapath;C:\Windows\system32;C:\Windows;C:\Windows\System32\Wbem;C:\Windows\System32\WindowsPowerShell\v1.0\;C:\Windows\System32\OpenSSH\;C:\Users\Thai Bao\.dnx\bin;C:\Program Files\Microsoft DNX\Dnvm\;C:\Program Files\NVIDIA Corporation\NVIDIA NvDLISR;C:\Program Files\Microsoft SQL Server\130\Tools\Binn\;C:\Program Files (x86)\NVIDIA Corporation\PhysX\Common;C:\Program Files\Microsoft SQL Server\Client SDK\ODBC\110\Tools\Binn\;C:\Program Files (x86)\Microsoft SQL Server\120\Tools\Binn\;C:\Program Files\Microsoft SQL Server\120\Tools\Binn\;C:\Program Files\Microsoft SQL Server\120\DTS\Binn\;C:\Program Files (x86)\Microsoft SQL Server\120\Tools\Binn\ManagementStudio\;C:\Program Files (x86)\Microsoft SQL Server\120\DTS\Binn\;C:\Program Files (x86)\Microsoft SQL Server\110\DTS\Binn\;C:\Program Files (x86)\Microsoft SQL Server\130\DTS\Binn\;C:\Program Files (x86)\Microsoft SQL Server\140\DTS\Binn\;C:\Program Files\TortoiseSVN\bin;C:\Program Files\nodejs\;C:\Program Files\dotnet\;C:\Program Files\Microsoft SQL Server\Client SDK\ODBC\170\Tools\Binn\;C:\Users\Thai Bao\AppData\Local\Programs\Python\Python38-32\Scripts\;C:\Users\Thai Bao\AppData\Local\Programs\Python\Python38-32\;C:\Program Files\MySQL\MySQL Shell 8.0\bin\;C:\Users\Thai Bao\AppData\Local\Programs\Microsoft VS Code\bin;C:\Users\Thai Bao\AppData\Roaming\npm;C:\Users\Thai Bao\AppData\Local\GitHubDesktop\bin;C:\Users\Thai Bao\Desktop;
USERNAME=Thai Bao
OS=Windows_NT
PROCESSOR_IDENTIFIER=Intel64 Family 6 Model 158 Stepping 9, GenuineIntel



---------------  S Y S T E M  ---------------

OS: Windows 10.0 , 64 bit Build 18362 (10.0.18362.900)

CPU:total 8 (initial active 8) (4 cores per cpu, 2 threads per core) family 6 model 158 stepping 9, cmov, cx8, fxsr, mmx, sse, sse2, sse3, ssse3, sse4.1, sse4.2, popcnt, avx, avx2, aes, clmul, erms, 3dnowpref, lzcnt, ht, tsc, tscinvbit, bmi1, bmi2, adx

Memory: 4k page, physical 8270664k(2112228k free), swap 33436488k(7688k free)

vm_info: Java HotSpot(TM) 64-Bit Server VM (25.241-b07) for windows-amd64 JRE (1.8.0_241-b07), built on Dec 11 2019 10:21:40 by "rejava" with MS VC++ 10.0 (VS2010)

time: Sun Jun 28 19:19:56 2020
timezone: SE Asia Standard Time
elapsed time: 3 seconds (0d 0h 0m 3s)

